<?xml version="1.0" encoding="UTF-8"?>
<!-- Generated by org.testng.reporters.JUnitReportReporter -->
<testsuite hostname="DESKTOP-5076CTE" failures="0" tests="1" name="Academy.HomePage" time="7.589" errors="0" timestamp="8 Dec 2021 10:36:07 GMT">
  <testcase classname="Academy.HomePage" name="basePageNavigation" time="7.589"/>
</testsuite> <!-- Academy.HomePage -->
