<?xml version="1.0" encoding="UTF-8"?>
<!-- Generated by org.testng.reporters.JUnitReportReporter -->
<testsuite hostname="DESKTOP-5076CTE" failures="0" tests="1" name="Academy.validateNavigationBar" time="0.107" errors="0" timestamp="8 Dec 2021 08:28:01 GMT">
  <testcase classname="Academy.validateNavigationBar" name="basePageNavigation" time="0.107"/>
</testsuite> <!-- Academy.validateNavigationBar -->
